<?xml version="1.0" encoding="UTF-8"?>
<testsuite name="ru.vtb.neoflex.autotests.OldTestimonyTest" tests="3" skipped="0" failures="0" errors="0" timestamp="2020-07-29T08:02:48" hostname="DESKTOP-BJK38MV" time="1.529">
  <properties/>
  <testcase name="checkConformityResponseAndDataInDB" classname="ru.vtb.neoflex.autotests.OldTestimonyTest" time="1.434"/>
  <testcase name="checkCodeSuccessTest" classname="ru.vtb.neoflex.autotests.OldTestimonyTest" time="0.017"/>
  <testcase name="checkResponseSuccessTest" classname="ru.vtb.neoflex.autotests.OldTestimonyTest" time="0.078"/>
  <system-out><![CDATA[Успешное поключение к базе данных
oldTestimony return code: 200ResponseSaveTestimony{date = '02-2020',consumed = 'Consumed{coldWater = '10',gas = '10',electricity = '10',hotWater = '10'}',cost = 'Cost{coldWater = '540.0',gas = '1200.0',electricity = '20.0',hotWater = '1020.0'}',faultcode = 'Faultcode{resultText = 'success',resultCode = '0'}',previousDate = '01-2020',totalCost = '2780.0'}
]]></system-out>
  <system-err><![CDATA[]]></system-err>
</testsuite>
