<?xml version="1.0" encoding="UTF-8"?>
<testsuite name="ru.vtb.neoflex.autotests.ChangePriceTest" tests="1" skipped="0" failures="0" errors="0" timestamp="2020-05-24T20:31:46" hostname="DESKTOP-BJK38MV" time="1.467">
  <properties/>
  <testcase name="checkSaveDataInDbPriceGuide" classname="ru.vtb.neoflex.autotests.ChangePriceTest" time="1.467"/>
  <system-out><![CDATA[Успешное поключение к базе данных
]]></system-out>
  <system-err><![CDATA[]]></system-err>
</testsuite>
